<?xml version="1.0" encoding="UTF-8"?>
<!-- Generated by org.testng.reporters.JUnitReportReporter -->
<testsuite hostname="DESKTOP-HQ8N8LF" name="com.crm.qa.testcases.HomePageTest" tests="2" failures="0" timestamp="27 Jan 2018 12:31:57 GMT" time="35.574" errors="0">
  <testcase name="verifyUserNameOnHomePage" time="16.287" classname="com.crm.qa.testcases.HomePageTest"/>
  <testcase name="verifyHomePageTitle" time="19.287" classname="com.crm.qa.testcases.HomePageTest"/>
</testsuite> <!-- com.crm.qa.testcases.HomePageTest -->
