<?xml version="1.0" encoding="UTF-8"?>
<!-- Generated by org.testng.reporters.JUnitReportReporter -->
<testsuite hostname="DESKTOP-HQ8N8LF" name="com.crm.qa.testcases.LoginPageTest" tests="3" failures="0" timestamp="27 Jan 2018 11:04:03 GMT" time="32.717" errors="0">
  <testcase name="loginTest" time="14.470" classname="com.crm.qa.testcases.LoginPageTest"/>
  <testcase name="crmLogoImageTest" time="9.683" classname="com.crm.qa.testcases.LoginPageTest"/>
  <testcase name="validateLoginPageTitle" time="8.564" classname="com.crm.qa.testcases.LoginPageTest"/>
</testsuite> <!-- com.crm.qa.testcases.LoginPageTest -->
